SF:src/XRayLabTool.jl
DA:67,34
DA:133,68
DA:135,68
DA:136,52
DA:140,16
DA:141,16
DA:142,16
DA:143,16
DA:146,16
DA:147,16
DA:148,0
DA:153,0
DA:179,34
DA:182,34
DA:184,68
DA:185,0
DA:188,34
DA:189,34
DA:191,68
DA:192,136
DA:195,68
DA:196,102
DA:197,102
DA:199,34
DA:226,68
DA:228,68
DA:229,52
DA:233,16
DA:234,16
DA:236,16
DA:238,32
DA:239,16
DA:240,16
DA:242,0
DA:263,68
DA:264,68
DA:265,68
DA:266,68
DA:302,34
DA:313,34
DA:317,34
DA:320,34
DA:322,68
DA:325,68
DA:327,5208
DA:328,5208
DA:331,5208
DA:334,5208
DA:335,5208
DA:338,5208
DA:339,5208
DA:340,10348
DA:341,68
DA:388,16
DA:398,48
DA:399,0
DA:403,44
DA:404,2
DA:408,42
DA:409,0
DA:413,14
DA:414,2
DA:422,14
DA:425,12
DA:428,12
DA:435,12
DA:436,30
DA:437,30
DA:439,30
DA:441,30
DA:444,30
DA:445,30
DA:449,0
DA:451,0
DA:453,12
DA:499,34
DA:505,34
DA:506,34
DA:507,34
DA:510,34
DA:511,34
DA:512,68
DA:515,34
DA:516,68
DA:517,68
DA:520,68
DA:521,68
DA:522,102
DA:530,68
DA:533,68
DA:540,2414
DA:541,2414
DA:542,2414
DA:543,2414
DA:550,68
DA:552,34
DA:554,68
DA:557,68
DA:560,68
DA:561,102
DA:569,34
DA:580,34
DA:584,68
DA:588,68
DA:592,68
DA:593,34
DA:595,68
DA:596,68
DA:603,34
DA:641,0
DA:642,0
DA:643,0
DA:644,0
LH:101
LF:113
end_of_record
